-------------------------------------------------------------------------------
Test set: com.cos.blog.BlogApplicationTests
-------------------------------------------------------------------------------
Tests run: 1, Failures: 0, Errors: 1, Skipped: 0, Time elapsed: 4.02 s <<< FAILURE! - in com.cos.blog.BlogApplicationTests
contextLoads  Time elapsed: 0.01 s  <<< ERROR!
java.lang.IllegalStateException: Failed to load ApplicationContext
Caused by: org.springframework.beans.factory.BeanCreationException: Error creating bean with name 'entityManagerFactory' defined in class path resource [org/springframework/boot/autoconfigure/orm/jpa/HibernateJpaConfiguration.class]: Invocation of init method failed; nested exception is org.hibernate.HibernateException: Unsupported property type [java.security.Timestamp] for @CreationTimestamp or @UpdateTimestamp generator annotation
Caused by: org.hibernate.HibernateException: Unsupported property type [java.security.Timestamp] for @CreationTimestamp or @UpdateTimestamp generator annotation

